<?xml version="1.0" encoding="UTF-8"?>
<testng-results skipped="0" failed="1" total="1" passed="0">
  <reporter-output>
  </reporter-output>
  <suite name="hrm" duration-ms="48" started-at="2018-02-05T06:50:12Z" finished-at="2018-02-05T06:50:12Z">
    <groups>
    </groups>
    <test name="pim" duration-ms="6" started-at="2018-02-05T06:50:12Z" finished-at="2018-02-05T06:50:12Z">
    </test> <!-- pim -->
    <test name="admin" duration-ms="17" started-at="2018-02-05T06:50:12Z" finished-at="2018-02-05T06:50:12Z">
      <class name="testngEx.ParameterizedTest1">
        <test-method status="FAIL" signature="ParameterTest(java.lang.String)[pri:0, instance:testngEx.ParameterizedTest1@8a9f61]" name="ParameterTest" duration-ms="0" started-at="2018-02-05T12:20:12Z" finished-at="2018-02-05T12:20:12Z">
          <exception class="org.testng.TestNGException">
            <message>
              <![CDATA[
Parameter 'strun' is required by @Test on method ParameterTest but has not been marked @Optional or defined
in C:\Users\user\git\dur\seleniumproj\src\testngEx\123.xml]]>
            </message>
            <full-stacktrace>
              <![CDATA[org.testng.TestNGException: 
Parameter 'strun' is required by @Test on method ParameterTest but has not been marked @Optional or defined
in C:\Users\user\git\dur\seleniumproj\src\testngEx\123.xml
	at org.testng.internal.Parameters.createParameters(Parameters.java:155)
	at org.testng.internal.Parameters.createParameters(Parameters.java:358)
	at org.testng.internal.Parameters.handleParameters(Parameters.java:450)
	at org.testng.internal.Invoker.handleParameters(Invoker.java:1383)
	at org.testng.internal.Invoker.createParameters(Invoker.java:1075)
	at org.testng.internal.Invoker.invokeTestMethods(Invoker.java:1180)
	at org.testng.internal.TestMethodWorker.invokeTestMethods(TestMethodWorker.java:127)
	at org.testng.internal.TestMethodWorker.run(TestMethodWorker.java:111)
	at org.testng.TestRunner.privateRun(TestRunner.java:767)
	at org.testng.TestRunner.run(TestRunner.java:617)
	at org.testng.SuiteRunner.runTest(SuiteRunner.java:334)
	at org.testng.SuiteRunner.runSequentially(SuiteRunner.java:329)
	at org.testng.SuiteRunner.privateRun(SuiteRunner.java:291)
	at org.testng.SuiteRunner.run(SuiteRunner.java:240)
	at org.testng.SuiteRunnerWorker.runSuite(SuiteRunnerWorker.java:52)
	at org.testng.SuiteRunnerWorker.run(SuiteRunnerWorker.java:86)
	at org.testng.TestNG.runSuitesSequentially(TestNG.java:1224)
	at org.testng.TestNG.runSuitesLocally(TestNG.java:1149)
	at org.testng.TestNG.run(TestNG.java:1057)
	at org.testng.remote.AbstractRemoteTestNG.run(AbstractRemoteTestNG.java:114)
	at org.testng.remote.RemoteTestNG.initAndRun(RemoteTestNG.java:251)
	at org.testng.remote.RemoteTestNG.main(RemoteTestNG.java:77)
]]>
            </full-stacktrace>
          </exception> <!-- org.testng.TestNGException -->
          <reporter-output>
          </reporter-output>
        </test-method> <!-- ParameterTest -->
      </class> <!-- testngEx.ParameterizedTest1 -->
    </test> <!-- admin -->
  </suite> <!-- hrm -->
</testng-results>
