<?xml version="1.0" encoding="UTF-8"?>
<testng-results skipped="0" failed="0" ignored="0" total="1" passed="1">
  <reporter-output>
  </reporter-output>
  <suite name="Default suite" duration-ms="14813" started-at="2018-02-19T08:17:41Z" finished-at="2018-02-19T08:17:56Z">
    <groups>
    </groups>
    <test name="Default test" duration-ms="14813" started-at="2018-02-19T08:17:41Z" finished-at="2018-02-19T08:17:56Z">
      <class name="TestScripts.Tc1">
        <test-method status="PASS" signature="verifyorange()[pri:0, instance:TestScripts.Tc1@daef40]" name="verifyorange" duration-ms="14750" started-at="2018-02-19T13:47:41Z" finished-at="2018-02-19T13:47:56Z">
          <reporter-output>
          </reporter-output>
        </test-method> <!-- verifyorange -->
      </class> <!-- TestScripts.Tc1 -->
    </test> <!-- Default test -->
  </suite> <!-- Default suite -->
</testng-results>
